
  ==========================================
  Studio Pro version: 8.2.10
  Started at: 14/11/2022, 17:41:18
  ==========================================
  

[2022-11-14T20:44:06.070Z] : [success]: Robot saved successfully

[2022-11-14T20:44:07.369Z] : [success]: Robot saved successfully


  ==========================================
  Studio Pro version: 8.2.10
  Started at: 14/11/2022, 18:13:49
  ==========================================
  

[2022-11-14T21:45:04.150Z] : [success]: Robot saved successfully

[2022-11-14T22:33:29.004Z] : [error]: Script Stopped.

[2022-11-14T22:33:29.007Z] : [warn]: Total execution time: 11s 436ms

[2022-11-14T22:33:29.008Z] : [info]: ---------------------------------------------


  ==========================================
  Studio Pro version: 8.2.10
  Started at: 14/11/2022, 19:33:29
  ==========================================
  

[2022-11-14T22:34:24.109Z] : [success]: Robot saved successfully

[2022-11-14T22:34:27.003Z] : [success]: Robot saved successfully

