[2022-08-04T20:58:31.975Z] : [error]: Script Stopped.

[2022-08-04T20:58:31.978Z] : [warn]: Total execution time: 2m 19s 26ms

[2022-08-04T20:58:31.981Z] : [info]: ---------------------------------------------


  ==========================================
  Studio Pro version: 8.2.10
  Started at: 4/8/2022, 16:58:32
  ==========================================
  

[2022-08-04T21:01:49.378Z] : [success]: Robot saved successfully

[2022-08-04T21:02:00.101Z] : [success]: Robot saved successfully

[2022-08-04T21:02:27.195Z] : [success]: Robot saved successfully

[2022-08-04T21:04:56.869Z] : [error]: Script Stopped.

[2022-08-04T21:04:56.873Z] : [warn]: Total execution time: 2m 22s 748ms

[2022-08-04T21:04:56.874Z] : [info]: ---------------------------------------------


  ==========================================
  Studio Pro version: 8.2.10
  Started at: 4/8/2022, 17:04:57
  ==========================================
  

[2022-08-04T21:07:56.486Z] : [success]: Robot saved successfully

[2022-08-04T21:11:04.372Z] : [success]: Robot saved successfully


  ==========================================
  Studio Pro version: 8.2.10
  Started at: 4/8/2022, 17:13:45
  ==========================================
  

[2022-08-04T21:20:16.647Z] : [success]: Robot saved successfully

[2022-08-05T12:38:49.277Z] : [error]: Script Stopped.

[2022-08-05T12:38:49.282Z] : [warn]: Total execution time: 2m 58s 15ms

[2022-08-05T12:38:49.284Z] : [info]: ---------------------------------------------


  ==========================================
  Studio Pro version: 8.2.10
  Started at: 5/8/2022, 8:38:49
  ==========================================
  

[2022-08-05T12:49:14.218Z] : [success]: Robot saved successfully

[2022-08-05T12:53:29.880Z] : [error]: Script Stopped.

[2022-08-05T12:53:29.883Z] : [warn]: Total execution time: 3m 41s 478ms

[2022-08-05T12:53:29.884Z] : [info]: ---------------------------------------------

[2022-08-05T13:03:00.510Z] : [success]: Robot saved successfully

[2022-08-05T13:03:00.532Z] : [success]: Bot started

[2022-08-05T13:03:00.533Z] : [info]: Robot start

[2022-08-05T13:03:37.483Z] : [error]: Script Stopped.

[2022-08-05T13:03:37.486Z] : [warn]: Total execution time: 36s 949ms

[2022-08-05T13:03:37.487Z] : [info]: ---------------------------------------------

[2022-08-05T13:13:24.832Z] : [error]: Script Stopped.

[2022-08-05T13:13:24.836Z] : [warn]: Total execution time: 9m 40s 312ms

[2022-08-05T13:13:24.838Z] : [info]: ---------------------------------------------

[2022-08-05T13:18:17.770Z] : [success]: Robot saved successfully

[2022-08-05T13:18:31.901Z] : [success]: Robot saved successfully

[2022-08-05T13:28:58.854Z] : [error]: Script Stopped.

[2022-08-05T13:28:58.857Z] : [warn]: Total execution time: 10m 12s 471ms

[2022-08-05T13:28:58.858Z] : [info]: ---------------------------------------------

[2022-08-05T13:35:56.936Z] : [success]: Robot saved successfully

[2022-08-05T14:06:32.234Z] : [success]: Robot saved successfully

