[2022-08-04T04:00:55.192Z] : [success]: Robot saved successfully

[2022-08-04T04:08:11.944Z] : [success]: Robot saved successfully

[2022-08-04T04:10:13.132Z] : [success]: Robot saved successfully

[2022-08-04T05:04:56.253Z] : [success]: Robot saved successfully


  ==========================================
  Studio Pro version: 8.2.10
  Started at: 4/8/2022, 1:15:31
  ==========================================
  

[2022-08-04T05:15:33.135Z] : [success]: Robot saved successfully

[2022-08-04T14:09:16.619Z] : [success]: Robot saved successfully

[2022-08-04T14:10:53.061Z] : [success]: Bot started

[2022-08-04T14:10:53.062Z] : [info]: Robot start

[2022-08-04T14:12:29.192Z] : [success]: Bot finished successfully, total execution time: 1m 36s 128ms

[2022-08-04T14:12:29.193Z] : [info]: ---------------------------------------------

[2022-08-04T14:20:10.246Z] : [success]: Robot saved successfully

[2022-08-04T17:11:09.906Z] : [success]: Robot saved successfully

[2022-08-04T17:11:09.920Z] : [success]: Bot started

[2022-08-04T17:11:09.921Z] : [info]: Robot start

[2022-08-04T17:11:31.872Z] : [error]: Script Stopped.

[2022-08-04T17:11:31.875Z] : [warn]: Total execution time: 21s 950ms

[2022-08-04T17:11:31.876Z] : [info]: ---------------------------------------------

[2022-08-04T17:13:01.626Z] : [success]: Robot saved successfully

[2022-08-04T17:13:01.640Z] : [success]: Bot started

[2022-08-04T17:13:01.641Z] : [info]: Robot start

[2022-08-04T17:13:17.856Z] : [error]: Script Stopped.

[2022-08-04T17:13:17.859Z] : [warn]: Total execution time: 16s 214ms

[2022-08-04T17:13:17.861Z] : [info]: ---------------------------------------------

[2022-08-04T17:15:40.272Z] : [success]: Robot saved successfully

[2022-08-04T17:15:53.734Z] : [success]: Bot started

[2022-08-04T17:15:53.735Z] : [info]: Robot start

[2022-08-04T17:16:03.881Z] : [success]: Bot finished successfully, total execution time: 10s 144ms

[2022-08-04T17:16:03.882Z] : [info]: ---------------------------------------------

[2022-08-04T17:26:25.943Z] : [success]: Robot saved successfully

[2022-08-04T17:26:36.613Z] : [success]: Bot started

[2022-08-04T17:26:36.614Z] : [info]: Robot start

[2022-08-04T17:26:52.857Z] : [success]: Bot finished successfully, total execution time: 16s 242ms

[2022-08-04T17:26:52.859Z] : [info]: ---------------------------------------------

[2022-08-04T18:06:37.563Z] : [success]: Robot saved successfully

[2022-08-04T18:06:58.544Z] : [success]: Bot started

[2022-08-04T18:06:58.545Z] : [info]: Robot start

[2022-08-04T18:09:05.953Z] : [error]: Script Stopped.

[2022-08-04T18:09:05.992Z] : [warn]: Total execution time: 2m 7s 406ms

[2022-08-04T18:09:05.993Z] : [info]: ---------------------------------------------

[2022-08-04T18:10:19.224Z] : [success]: Robot saved successfully

[2022-08-04T18:10:19.242Z] : [success]: Bot started

[2022-08-04T18:10:19.243Z] : [info]: Robot start

[2022-08-04T18:11:38.828Z] : [success]: Bot finished successfully, total execution time: 1m 19s 584ms

[2022-08-04T18:11:38.830Z] : [info]: ---------------------------------------------

[2022-08-04T18:14:29.445Z] : [success]: Robot saved successfully

[2022-08-04T18:14:29.461Z] : [success]: Bot started

[2022-08-04T18:14:29.462Z] : [info]: Robot start

[2022-08-04T18:15:13.820Z] : [error]: Disposable been disposed

[2022-08-04T18:15:13.823Z] : [error]: Total execution time: 44s 355ms

[2022-08-04T18:15:13.824Z] : [info]: ---------------------------------------------

[2022-08-04T18:25:19.728Z] : [success]: Robot saved successfully

[2022-08-04T18:25:33.356Z] : [success]: Bot started

[2022-08-04T18:25:33.357Z] : [info]: Robot start

[2022-08-04T18:26:53.845Z] : [success]: Bot finished successfully, total execution time: 1m 20s 486ms

[2022-08-04T18:26:53.847Z] : [info]: ---------------------------------------------

[2022-08-04T18:44:10.380Z] : [success]: Robot saved successfully

[2022-08-04T20:44:15.470Z] : [success]: Robot saved successfully


  ==========================================
  Studio Pro version: 8.2.10
  Started at: 4/8/2022, 16:45:28
  ==========================================
  

[2022-08-04T20:45:46.521Z] : [success]: Robot saved successfully

