
  ==========================================
  Studio Pro version: 8.2.10
  Started at: 14/11/2022, 17:44:28
  ==========================================
  

[2022-11-14T20:53:42.580Z] : [success]: Robot saved successfully

[2022-11-14T20:54:07.973Z] : [success]: Robot saved successfully

[2022-11-14T20:54:11.473Z] : [info]: ---------------------------------------------

[2022-11-14T20:54:11.473Z] : [success]: Bot started

[2022-11-14T20:54:11.474Z] : [info]: Robot start

[2022-11-14T20:55:51.584Z] : [error]: Script Stopped.

[2022-11-14T20:55:51.588Z] : [warn]: Total execution time: 1m 40s 110ms

[2022-11-14T20:55:51.590Z] : [info]: ---------------------------------------------

[2022-11-14T20:57:21.687Z] : [success]: Robot saved successfully

[2022-11-14T20:57:43.743Z] : [success]: Robot saved successfully

[2022-11-14T20:57:47.901Z] : [success]: Bot started

[2022-11-14T20:57:47.902Z] : [info]: Robot start

[2022-11-14T21:00:32.179Z] : [success]: Bot finished successfully, total execution time: 2m 44s 274ms

[2022-11-14T21:00:32.181Z] : [info]: ---------------------------------------------

[2022-11-14T21:09:03.672Z] : [success]: Robot saved successfully

[2022-11-14T21:09:09.357Z] : [success]: Bot started

[2022-11-14T21:09:09.358Z] : [info]: Robot start

[2022-11-14T21:09:13.146Z] : [success]: Bot finished successfully, total execution time: 3s 785ms

[2022-11-14T21:09:13.148Z] : [info]: ---------------------------------------------

[2022-11-14T21:11:35.759Z] : [success]: Robot saved successfully

[2022-11-14T21:11:54.722Z] : [success]: Bot started

[2022-11-14T21:11:54.723Z] : [info]: Robot start

[2022-11-14T21:12:16.173Z] : [success]: Bot finished successfully, total execution time: 21s 448ms

[2022-11-14T21:12:16.175Z] : [info]: ---------------------------------------------

[2022-11-14T21:12:58.838Z] : [success]: Robot saved successfully

[2022-11-14T21:44:31.251Z] : [success]: Robot saved successfully

[2022-11-14T21:46:42.640Z] : [success]: Robot saved successfully

[2022-11-14T22:12:39.498Z] : [error]: Script Stopped.

[2022-11-14T22:12:39.501Z] : [warn]: Total execution time: 22m 9s 227ms

[2022-11-14T22:12:39.503Z] : [info]: ---------------------------------------------


  ==========================================
  Studio Pro version: 8.2.10
  Started at: 14/11/2022, 19:12:39
  ==========================================
  

[2022-11-14T22:14:45.212Z] : [success]: Robot saved successfully

[2022-11-14T22:15:33.672Z] : [success]: Robot saved successfully

[2022-11-14T22:33:35.415Z] : [success]: Robot saved successfully

[2022-11-14T22:34:17.175Z] : [success]: Robot saved successfully

