
  ==========================================
  Studio Pro version: 8.2.10
  Started at: 16/10/2022, 19:41:41
  ==========================================
  

[2022-10-16T22:41:47.664Z] : [success]: Robot saved successfully

[2022-10-16T22:41:54.355Z] : [success]: Robot saved successfully

[2022-10-16T22:55:13.486Z] : [success]: Robot saved successfully

[2022-10-16T22:55:14.207Z] : [success]: Robot saved successfully

[2022-10-16T22:55:14.914Z] : [success]: Robot saved successfully

[2022-10-16T22:57:53.090Z] : [success]: Robot saved successfully

[2022-10-16T22:57:53.696Z] : [success]: Robot saved successfully


  ==========================================
  Studio Pro version: 8.2.10
  Started at: 16/10/2022, 20:07:35
  ==========================================
  

[2022-10-16T23:11:33.272Z] : [success]: Robot saved successfully


  ==========================================
  Studio Pro version: 8.2.10
  Started at: 16/10/2022, 20:11:57
  ==========================================
  

[2022-10-16T23:12:20.477Z] : [success]: Robot saved successfully


  ==========================================
  Studio Pro version: 8.2.10
  Started at: 16/10/2022, 20:15:51
  ==========================================
  

[2022-10-16T23:22:28.690Z] : [success]: Robot saved successfully

[2022-10-16T23:23:25.497Z] : [success]: Robot saved successfully

[2022-10-16T23:25:36.683Z] : [success]: Robot saved successfully

[2022-10-16T23:25:37.315Z] : [success]: Robot saved successfully

[2022-10-16T23:25:45.015Z] : [success]: Bot started

[2022-10-16T23:25:45.016Z] : [info]: Robot start

[2022-10-16T23:25:48.736Z] : [success]: Bot finished successfully, total execution time: 3s 718ms

[2022-10-16T23:25:48.737Z] : [info]: ---------------------------------------------

[2022-10-16T23:29:18.704Z] : [success]: Robot saved successfully

[2022-10-16T23:29:19.521Z] : [success]: Robot saved successfully

[2022-10-16T23:29:20.357Z] : [success]: Robot saved successfully


  ==========================================
  Studio Pro version: 8.2.10
  Started at: 16/10/2022, 20:38:51
  ==========================================
  

[2022-10-16T23:40:40.882Z] : [success]: Robot saved successfully

[2022-10-16T23:40:41.626Z] : [success]: Robot saved successfully

[2022-10-16T23:47:30.841Z] : [success]: Robot saved successfully

[2022-10-16T23:47:59.034Z] : [success]: Robot saved successfully

[2022-10-16T23:47:59.864Z] : [success]: Robot saved successfully

[2022-10-16T23:48:10.665Z] : [success]: Robot saved successfully

[2022-10-16T23:48:16.147Z] : [success]: Bot started

[2022-10-16T23:48:16.148Z] : [info]: Robot start

[2022-10-16T23:48:19.958Z] : [success]: Bot finished successfully, total execution time: 3s 808ms

[2022-10-16T23:48:19.959Z] : [info]: ---------------------------------------------

[2022-10-16T23:48:52.723Z] : [success]: Robot saved successfully

[2022-10-16T23:48:53.396Z] : [success]: Robot saved successfully

[2022-10-16T23:48:54.171Z] : [success]: Robot saved successfully

[2022-10-16T23:48:54.997Z] : [success]: Robot saved successfully

