
  ==========================================
  Studio Pro version: 8.2.10
  Started at: 18/10/2022, 23:13:49
  ==========================================
  

[2022-10-19T02:17:19.858Z] : [success]: Robot saved successfully

[2022-10-19T02:17:20.564Z] : [success]: Robot saved successfully

[2022-10-19T02:17:30.569Z] : [success]: Robot saved successfully

[2022-10-19T02:17:51.562Z] : [success]: Workflow published successfully

[2022-10-19T02:21:32.449Z] : [success]: Robot saved successfully

[2022-10-19T02:30:28.919Z] : [success]: Robot saved successfully

[2022-10-19T02:30:43.179Z] : [success]: Workflow published successfully

[2022-10-19T02:41:23.542Z] : [success]: Robot saved successfully


  ==========================================
  Studio Pro version: 8.2.10
  Started at: 18/10/2022, 23:41:53
  ==========================================
  

[2022-10-19T02:43:24.607Z] : [success]: Robot saved successfully

[2022-10-19T02:47:18.745Z] : [success]: Robot saved successfully

[2022-10-19T02:47:19.738Z] : [success]: Robot saved successfully


  ==========================================
  Studio Pro version: 8.2.10
  Started at: 18/10/2022, 23:47:56
  ==========================================
  

[2022-10-19T02:47:58.072Z] : [success]: Robot saved successfully

