[2022-08-04T18:43:01.348Z] : [success]: Robot saved successfully

[2022-08-04T18:51:34.795Z] : [error]: Script Stopped.

[2022-08-04T18:51:34.799Z] : [warn]: Total execution time: 2m 55s 653ms

[2022-08-04T18:51:34.800Z] : [info]: ---------------------------------------------

[2022-08-04T18:53:14.050Z] : [success]: Robot saved successfully

[2022-08-04T18:53:17.670Z] : [success]: Bot started

[2022-08-04T18:53:17.671Z] : [info]: Robot start

[2022-08-04T18:53:51.817Z] : [error]: Script Stopped.

[2022-08-04T18:53:51.820Z] : [warn]: Total execution time: 34s 146ms

[2022-08-04T18:53:51.822Z] : [info]: ---------------------------------------------

[2022-08-04T18:54:04.516Z] : [success]: Robot saved successfully

[2022-08-04T18:54:04.530Z] : [success]: Bot started

[2022-08-04T18:54:04.531Z] : [info]: Robot start

[2022-08-04T18:54:12.797Z] : [success]: Bot finished successfully, total execution time: 8s 264ms

[2022-08-04T18:54:12.798Z] : [info]: ---------------------------------------------

[2022-08-04T20:44:37.464Z] : [success]: Robot saved successfully


  ==========================================
  Studio Pro version: 8.2.10
  Started at: 4/8/2022, 16:45:50
  ==========================================
  

[2022-08-04T20:45:55.653Z] : [success]: Robot saved successfully

